<?xml version="1.0" encoding="UTF-8"?>
<!-- Generated by org.testng.reporters.JUnitReportReporter -->
<testsuite hostname="varuns-Air.bbrouter" failures="0" tests="2" name="com.logginghelper.BasicLoggerTest" time="0.034" errors="0" timestamp="2021-06-26T13:31:04 IST" skipped="0">
  <testcase classname="com.logginghelper.BasicLoggerTest" name="test_addLog_with_debugLevel" time="0.029"/>
  <system-out/>
  <testcase classname="com.logginghelper.BasicLoggerTest" name="test_addLog_with_infoLevel" time="0.005"/>
  <system-out/>
</testsuite> <!-- com.logginghelper.BasicLoggerTest -->
